Build started at 2025-10-19T18:30:21.051212
Main binary: C:\Users\bugr2\AppData\Local\vcpkg\downloads\tools\python\python-3.12.7-x64-1\python.exe
Build Options: -Dtests=false -Dbuildtype=plain -Ddebug=false '-Dcmake_prefix_path=['"'"'C:/Users/bugr2/source/repos/Diplom-CPP/vcpkg_installed/x64-windows'"'"','"'"'C:/Users/bugr2/source/repos/Diplom-CPP/vcpkg_installed/x64-windows/debug'"'"','"'"'C:/Users/bugr2/source/repos/Diplom-CPP/vcpkg_installed/x64-windows/share'"'"']' -Dprefix=C:/Users/bugr2/source/repos/Diplom-CPP/vcpkg_installed/vcpkg/pkgs/pkgconf_x64-windows -Dlibdir=lib -Dbackend=ninja -Dwrap_mode=nodownload '--native-file C:/Users/bugr2/source/repos/Diplom-CPP/vcpkg_installed/vcpkg/blds/pkgconf/meson-x64-windows-rel.log'
Python system: Windows
The Meson build system
Version: 0.62.1
Source dir: C:\Users\bugr2\source\repos\Diplom-CPP\vcpkg_installed\vcpkg\blds\pkgconf\src\6aa314c9c4-8bd74a463d.clean
Build dir: C:\Users\bugr2\source\repos\Diplom-CPP\vcpkg_installed\vcpkg\blds\pkgconf\x64-windows-rel
Build type: native build
Project name: pkgconf
Project version: 1.8.0
Sanity testing C compiler: C:/Program Files/Microsoft Visual Studio/2022/Community/VC/Tools/MSVC/14.44.35207/bin/Hostx64/x64/cl.exe -DWIN32 -D_WINDOWS -utf-8 -MP -MD -O2 -Oi -Gy -DNDEBUG -Z7
Is cross compiler: False.
Sanity check compiler command line: C:/Program Files/Microsoft Visual Studio/2022/Community/VC/Tools/MSVC/14.44.35207/bin/Hostx64/x64/cl.exe -DWIN32 -D_WINDOWS -utf-8 -MP -MD -O2 -Oi -Gy -DNDEBUG -Z7 sanitycheckc.c /Fesanitycheckc.exe /MD -nologo -DWIN32 -D_WINDOWS -utf-8 -MP -MD -O2 -Oi -Gy -DNDEBUG -Z7 -IC:/Users/bugr2/source/repos/Diplom-CPP/vcpkg_installed/x64-windows/include /nologo /showIncludes /utf-8 /link -machine:x64 -DEBUG -INCREMENTAL:NO -OPT:REF -OPT:ICF /LIBPATH:C:/Users/bugr2/source/repos/Diplom-CPP/vcpkg_installed/x64-windows/lib
Sanity check compile stdout:
sanitycheckc.c

-----
Sanity check compile stderr:

-----
Running test binary command: C:\Users\bugr2\source\repos\Diplom-CPP\vcpkg_installed\vcpkg\blds\pkgconf\x64-windows-rel\meson-private\sanitycheckc.exe
C compiler for the host machine: C:/Program Files/Microsoft Visual Studio/2022/Community/VC/Tools/MSVC/14.44.35207/bin/Hostx64/x64/cl.exe -DWIN32 -D_WINDOWS -utf-8 -MP -MD -O2 -Oi -Gy -DNDEBUG -Z7 (msvc 19.44.35211 "РћРїС‚РёРјРёР·РёСЂСѓСЋС‰РёР№ РєРѕРјРїРёР»СЏС‚РѕСЂ Microsoft (R) C/C++ РІРµСЂСЃРёРё 19.44.35211 РґР»СЏ x64")
C linker for the host machine: C:/Program Files/Microsoft Visual Studio/2022/Community/VC/Tools/MSVC/14.44.35207/bin/Hostx64/x64/link.exe link 14.44.35211.0
Sanity testing C compiler: C:/Program Files/Microsoft Visual Studio/2022/Community/VC/Tools/MSVC/14.44.35207/bin/Hostx64/x64/cl.exe -DWIN32 -D_WINDOWS -utf-8 -MP -MD -O2 -Oi -Gy -DNDEBUG -Z7
Is cross compiler: False.
Sanity check compiler command line: C:/Program Files/Microsoft Visual Studio/2022/Community/VC/Tools/MSVC/14.44.35207/bin/Hostx64/x64/cl.exe -DWIN32 -D_WINDOWS -utf-8 -MP -MD -O2 -Oi -Gy -DNDEBUG -Z7 sanitycheckc.c /Fesanitycheckc.exe /MD /nologo /showIncludes /utf-8 /link
Sanity check compile stdout:
sanitycheckc.c

-----
Sanity check compile stderr:

-----
Running test binary command: C:\Users\bugr2\source\repos\Diplom-CPP\vcpkg_installed\vcpkg\blds\pkgconf\x64-windows-rel\meson-private\sanitycheckc.exe
C compiler for the build machine: C:/Program Files/Microsoft Visual Studio/2022/Community/VC/Tools/MSVC/14.44.35207/bin/Hostx64/x64/cl.exe -DWIN32 -D_WINDOWS -utf-8 -MP -MD -O2 -Oi -Gy -DNDEBUG -Z7 (msvc 19.44.35211 "РћРїС‚РёРјРёР·РёСЂСѓСЋС‰РёР№ РєРѕРјРїРёР»СЏС‚РѕСЂ Microsoft (R) C/C++ РІРµСЂСЃРёРё 19.44.35211 РґР»СЏ x64")
C linker for the build machine: C:/Program Files/Microsoft Visual Studio/2022/Community/VC/Tools/MSVC/14.44.35207/bin/Hostx64/x64/link.exe link 14.44.35211.0
Build machine cpu family: x86_64
Build machine cpu: x86_64
Host machine cpu family: x86_64
Host machine cpu: x86_64
Target machine cpu family: x86_64
Target machine cpu: x86_64
Running compile:
Working directory:  C:\Users\bugr2\source\repos\Diplom-CPP\vcpkg_installed\vcpkg\blds\pkgconf\x64-windows-rel\meson-private\tmp9tarlvy3
Command line:  C:/Program Files/Microsoft Visual Studio/2022/Community/VC/Tools/MSVC/14.44.35207/bin/Hostx64/x64/cl.exe -DWIN32 -D_WINDOWS -utf-8 -MP -MD -O2 -Oi -Gy -DNDEBUG -Z7 -INCREMENTAL:NO -IC:/Users/bugr2/source/repos/Diplom-CPP/vcpkg_installed/x64-windows/include C:\Users\bugr2\source\repos\Diplom-CPP\vcpkg_installed\vcpkg\blds\pkgconf\x64-windows-rel\meson-private\tmp9tarlvy3\testfile.c /FeC:\Users\bugr2\source\repos\Diplom-CPP\vcpkg_installed\vcpkg\blds\pkgconf\x64-windows-rel\meson-private\tmp9tarlvy3\output.exe /nologo /showIncludes /utf-8 /MD -nologo -DWIN32 -D_WINDOWS -utf-8 -MP -MD -O2 -Oi -Gy -DNDEBUG -Z7 /nologo /showIncludes /utf-8 /Od /Oi- kernel32.lib user32.lib gdi32.lib winspool.lib shell32.lib ole32.lib oleaut32.lib uuid.lib comdlg32.lib advapi32.lib /link -machine:x64 -DEBUG -OPT:REF -OPT:ICF /LIBPATH:C:/Users/bugr2/source/repos/Diplom-CPP/vcpkg_installed/x64-windows/lib 

Code:
 #include <string.h>
#include <limits.h>

        #if defined __stub_strlcat || defined __stub___strlcat
        fail fail fail this function is not going to work
        #endif
        
int main(void) {
            void *a = (void*) &strlcat;
            long long b = (long long) a;
            return (int) b;
        }
Compiler stdout:
 cl: РєРѕРјР°РЅРґРЅР°СЏ СЃС‚СЂРѕРєР° warning D9030: "/showIncludes" РЅРµСЃРѕРІРјРµСЃС‚РёРј СЃ РјРЅРѕРіРѕРїСЂРѕС†РµСЃСЃРѕСЂРЅРѕР№ РѕР±СЂР°Р±РѕС‚РєРѕР№; РєР»СЋС‡ /MP РёРіРЅРѕСЂРёСЂСѓРµС‚СЃСЏ
testfile.c
РџСЂРёРјРµС‡Р°РЅРёРµ: РІРєР»СЋС‡РµРЅРёРµ С„Р°Р№Р»Р°:  C:\Program Files (x86)\Windows Kits\10\include\10.0.26100.0\ucrt\string.h
РџСЂРёРјРµС‡Р°РЅРёРµ: РІРєР»СЋС‡РµРЅРёРµ С„Р°Р№Р»Р°:   C:\Program Files (x86)\Windows Kits\10\include\10.0.26100.0\ucrt\corecrt.h
РџСЂРёРјРµС‡Р°РЅРёРµ: РІРєР»СЋС‡РµРЅРёРµ С„Р°Р№Р»Р°:    C:\Program Files\Microsoft Visual Studio\2022\Community\VC\Tools\MSVC\14.44.35207\include\vcruntime.h
РџСЂРёРјРµС‡Р°РЅРёРµ: РІРєР»СЋС‡РµРЅРёРµ С„Р°Р№Р»Р°:     C:\Program Files\Microsoft Visual Studio\2022\Community\VC\Tools\MSVC\14.44.35207\include\sal.h
РџСЂРёРјРµС‡Р°РЅРёРµ: РІРєР»СЋС‡РµРЅРёРµ С„Р°Р№Р»Р°:      C:\Program Files\Microsoft Visual Studio\2022\Community\VC\Tools\MSVC\14.44.35207\include\concurrencysal.h
РџСЂРёРјРµС‡Р°РЅРёРµ: РІРєР»СЋС‡РµРЅРёРµ С„Р°Р№Р»Р°:     C:\Program Files\Microsoft Visual Studio\2022\Community\VC\Tools\MSVC\14.44.35207\include\vadefs.h
РџСЂРёРјРµС‡Р°РЅРёРµ: РІРєР»СЋС‡РµРЅРёРµ С„Р°Р№Р»Р°:   C:\Program Files (x86)\Windows Kits\10\include\10.0.26100.0\ucrt\corecrt_memory.h
РџСЂРёРјРµС‡Р°РЅРёРµ: РІРєР»СЋС‡РµРЅРёРµ С„Р°Р№Р»Р°:    C:\Program Files (x86)\Windows Kits\10\include\10.0.26100.0\ucrt\corecrt_memcpy_s.h
РџСЂРёРјРµС‡Р°РЅРёРµ: РІРєР»СЋС‡РµРЅРёРµ С„Р°Р№Р»Р°:     C:\Program Files (x86)\Windows Kits\10\include\10.0.26100.0\ucrt\errno.h
РџСЂРёРјРµС‡Р°РЅРёРµ: РІРєР»СЋС‡РµРЅРёРµ С„Р°Р№Р»Р°:     C:\Program Files\Microsoft Visual Studio\2022\Community\VC\Tools\MSVC\14.44.35207\include\vcruntime_string.h
РџСЂРёРјРµС‡Р°РЅРёРµ: РІРєР»СЋС‡РµРЅРёРµ С„Р°Р№Р»Р°:   C:\Program Files (x86)\Windows Kits\10\include\10.0.26100.0\ucrt\corecrt_wstring.h
РџСЂРёРјРµС‡Р°РЅРёРµ: РІРєР»СЋС‡РµРЅРёРµ С„Р°Р№Р»Р°:  C:\Program Files\Microsoft Visual Studio\2022\Community\VC\Tools\MSVC\14.44.35207\include\limits.h
C:\Users\bugr2\source\repos\Diplom-CPP\vcpkg_installed\vcpkg\blds\pkgconf\x64-windows-rel\meson-private\tmp9tarlvy3\testfile.c(9): error C2065: strlcat: РЅРµРѕР±СЉСЏРІР»РµРЅРЅС‹Р№ РёРґРµРЅС‚РёС„РёРєР°С‚РѕСЂ

Compiler stderr:
 cl: РєРѕРјР°РЅРґРЅР°СЏ СЃС‚СЂРѕРєР° warning D9025: РїРµСЂРµРѕРїСЂРµРґРµР»РµРЅРёРµ "/O2" РЅР° "/Od"
cl: РєРѕРјР°РЅРґРЅР°СЏ СЃС‚СЂРѕРєР° warning D9025: РїРµСЂРµРѕРїСЂРµРґРµР»РµРЅРёРµ "/Oi" РЅР° "/Oi-"

Checking for function "strlcat" : NO 
Running compile:
Working directory:  C:\Users\bugr2\source\repos\Diplom-CPP\vcpkg_installed\vcpkg\blds\pkgconf\x64-windows-rel\meson-private\tmp309dhwss
Command line:  C:/Program Files/Microsoft Visual Studio/2022/Community/VC/Tools/MSVC/14.44.35207/bin/Hostx64/x64/cl.exe -DWIN32 -D_WINDOWS -utf-8 -MP -MD -O2 -Oi -Gy -DNDEBUG -Z7 -INCREMENTAL:NO -IC:/Users/bugr2/source/repos/Diplom-CPP/vcpkg_installed/x64-windows/include C:\Users\bugr2\source\repos\Diplom-CPP\vcpkg_installed\vcpkg\blds\pkgconf\x64-windows-rel\meson-private\tmp309dhwss\testfile.c /FeC:\Users\bugr2\source\repos\Diplom-CPP\vcpkg_installed\vcpkg\blds\pkgconf\x64-windows-rel\meson-private\tmp309dhwss\output.exe /nologo /showIncludes /utf-8 /MD -nologo -DWIN32 -D_WINDOWS -utf-8 -MP -MD -O2 -Oi -Gy -DNDEBUG -Z7 /nologo /showIncludes /utf-8 /Od /Oi- kernel32.lib user32.lib gdi32.lib winspool.lib shell32.lib ole32.lib oleaut32.lib uuid.lib comdlg32.lib advapi32.lib /link -machine:x64 -DEBUG -OPT:REF -OPT:ICF /LIBPATH:C:/Users/bugr2/source/repos/Diplom-CPP/vcpkg_installed/x64-windows/lib 

Code:
 #include <string.h>
#include <limits.h>

        #if defined __stub_strlcpy || defined __stub___strlcpy
        fail fail fail this function is not going to work
        #endif
        
int main(void) {
            void *a = (void*) &strlcpy;
            long long b = (long long) a;
            return (int) b;
        }
Compiler stdout:
 cl: РєРѕРјР°РЅРґРЅР°СЏ СЃС‚СЂРѕРєР° warning D9030: "/showIncludes" РЅРµСЃРѕРІРјРµСЃС‚РёРј СЃ РјРЅРѕРіРѕРїСЂРѕС†РµСЃСЃРѕСЂРЅРѕР№ РѕР±СЂР°Р±РѕС‚РєРѕР№; РєР»СЋС‡ /MP РёРіРЅРѕСЂРёСЂСѓРµС‚СЃСЏ
testfile.c
РџСЂРёРјРµС‡Р°РЅРёРµ: РІРєР»СЋС‡РµРЅРёРµ С„Р°Р№Р»Р°:  C:\Program Files (x86)\Windows Kits\10\include\10.0.26100.0\ucrt\string.h
РџСЂРёРјРµС‡Р°РЅРёРµ: РІРєР»СЋС‡РµРЅРёРµ С„Р°Р№Р»Р°:   C:\Program Files (x86)\Windows Kits\10\include\10.0.26100.0\ucrt\corecrt.h
РџСЂРёРјРµС‡Р°РЅРёРµ: РІРєР»СЋС‡РµРЅРёРµ С„Р°Р№Р»Р°:    C:\Program Files\Microsoft Visual Studio\2022\Community\VC\Tools\MSVC\14.44.35207\include\vcruntime.h
РџСЂРёРјРµС‡Р°РЅРёРµ: РІРєР»СЋС‡РµРЅРёРµ С„Р°Р№Р»Р°:     C:\Program Files\Microsoft Visual Studio\2022\Community\VC\Tools\MSVC\14.44.35207\include\sal.h
РџСЂРёРјРµС‡Р°РЅРёРµ: РІРєР»СЋС‡РµРЅРёРµ С„Р°Р№Р»Р°:      C:\Program Files\Microsoft Visual Studio\2022\Community\VC\Tools\MSVC\14.44.35207\include\concurrencysal.h
РџСЂРёРјРµС‡Р°РЅРёРµ: РІРєР»СЋС‡РµРЅРёРµ С„Р°Р№Р»Р°:     C:\Program Files\Microsoft Visual Studio\2022\Community\VC\Tools\MSVC\14.44.35207\include\vadefs.h
РџСЂРёРјРµС‡Р°РЅРёРµ: РІРєР»СЋС‡РµРЅРёРµ С„Р°Р№Р»Р°:   C:\Program Files (x86)\Windows Kits\10\include\10.0.26100.0\ucrt\corecrt_memory.h
РџСЂРёРјРµС‡Р°РЅРёРµ: РІРєР»СЋС‡РµРЅРёРµ С„Р°Р№Р»Р°:    C:\Program Files (x86)\Windows Kits\10\include\10.0.26100.0\ucrt\corecrt_memcpy_s.h
РџСЂРёРјРµС‡Р°РЅРёРµ: РІРєР»СЋС‡РµРЅРёРµ С„Р°Р№Р»Р°:     C:\Program Files (x86)\Windows Kits\10\include\10.0.26100.0\ucrt\errno.h
РџСЂРёРјРµС‡Р°РЅРёРµ: РІРєР»СЋС‡РµРЅРёРµ С„Р°Р№Р»Р°:     C:\Program Files\Microsoft Visual Studio\2022\Community\VC\Tools\MSVC\14.44.35207\include\vcruntime_string.h
РџСЂРёРјРµС‡Р°РЅРёРµ: РІРєР»СЋС‡РµРЅРёРµ С„Р°Р№Р»Р°:   C:\Program Files (x86)\Windows Kits\10\include\10.0.26100.0\ucrt\corecrt_wstring.h
РџСЂРёРјРµС‡Р°РЅРёРµ: РІРєР»СЋС‡РµРЅРёРµ С„Р°Р№Р»Р°:  C:\Program Files\Microsoft Visual Studio\2022\Community\VC\Tools\MSVC\14.44.35207\include\limits.h
C:\Users\bugr2\source\repos\Diplom-CPP\vcpkg_installed\vcpkg\blds\pkgconf\x64-windows-rel\meson-private\tmp309dhwss\testfile.c(9): error C2065: strlcpy: РЅРµРѕР±СЉСЏРІР»РµРЅРЅС‹Р№ РёРґРµРЅС‚РёС„РёРєР°С‚РѕСЂ

Compiler stderr:
 cl: РєРѕРјР°РЅРґРЅР°СЏ СЃС‚СЂРѕРєР° warning D9025: РїРµСЂРµРѕРїСЂРµРґРµР»РµРЅРёРµ "/O2" РЅР° "/Od"
cl: РєРѕРјР°РЅРґРЅР°СЏ СЃС‚СЂРѕРєР° warning D9025: РїРµСЂРµРѕРїСЂРµРґРµР»РµРЅРёРµ "/Oi" РЅР° "/Oi-"

Checking for function "strlcpy" : NO 
Running compile:
Working directory:  C:\Users\bugr2\source\repos\Diplom-CPP\vcpkg_installed\vcpkg\blds\pkgconf\x64-windows-rel\meson-private\tmpcwib5fl7
Command line:  C:/Program Files/Microsoft Visual Studio/2022/Community/VC/Tools/MSVC/14.44.35207/bin/Hostx64/x64/cl.exe -DWIN32 -D_WINDOWS -utf-8 -MP -MD -O2 -Oi -Gy -DNDEBUG -Z7 -INCREMENTAL:NO -IC:/Users/bugr2/source/repos/Diplom-CPP/vcpkg_installed/x64-windows/include C:\Users\bugr2\source\repos\Diplom-CPP\vcpkg_installed\vcpkg\blds\pkgconf\x64-windows-rel\meson-private\tmpcwib5fl7\testfile.c /FeC:\Users\bugr2\source\repos\Diplom-CPP\vcpkg_installed\vcpkg\blds\pkgconf\x64-windows-rel\meson-private\tmpcwib5fl7\output.exe /nologo /showIncludes /utf-8 /MD -nologo -DWIN32 -D_WINDOWS -utf-8 -MP -MD -O2 -Oi -Gy -DNDEBUG -Z7 /nologo /showIncludes /utf-8 /Od /Oi- kernel32.lib user32.lib gdi32.lib winspool.lib shell32.lib ole32.lib oleaut32.lib uuid.lib comdlg32.lib advapi32.lib /link -machine:x64 -DEBUG -OPT:REF -OPT:ICF /LIBPATH:C:/Users/bugr2/source/repos/Diplom-CPP/vcpkg_installed/x64-windows/lib 

Code:
 #include <string.h>
#include <limits.h>

        #if defined __stub_strndup || defined __stub___strndup
        fail fail fail this function is not going to work
        #endif
        
int main(void) {
            void *a = (void*) &strndup;
            long long b = (long long) a;
            return (int) b;
        }
Compiler stdout:
 cl: РєРѕРјР°РЅРґРЅР°СЏ СЃС‚СЂРѕРєР° warning D9030: "/showIncludes" РЅРµСЃРѕРІРјРµСЃС‚РёРј СЃ РјРЅРѕРіРѕРїСЂРѕС†РµСЃСЃРѕСЂРЅРѕР№ РѕР±СЂР°Р±РѕС‚РєРѕР№; РєР»СЋС‡ /MP РёРіРЅРѕСЂРёСЂСѓРµС‚СЃСЏ
testfile.c
РџСЂРёРјРµС‡Р°РЅРёРµ: РІРєР»СЋС‡РµРЅРёРµ С„Р°Р№Р»Р°:  C:\Program Files (x86)\Windows Kits\10\include\10.0.26100.0\ucrt\string.h
РџСЂРёРјРµС‡Р°РЅРёРµ: РІРєР»СЋС‡РµРЅРёРµ С„Р°Р№Р»Р°:   C:\Program Files (x86)\Windows Kits\10\include\10.0.26100.0\ucrt\corecrt.h
РџСЂРёРјРµС‡Р°РЅРёРµ: РІРєР»СЋС‡РµРЅРёРµ С„Р°Р№Р»Р°:    C:\Program Files\Microsoft Visual Studio\2022\Community\VC\Tools\MSVC\14.44.35207\include\vcruntime.h
РџСЂРёРјРµС‡Р°РЅРёРµ: РІРєР»СЋС‡РµРЅРёРµ С„Р°Р№Р»Р°:     C:\Program Files\Microsoft Visual Studio\2022\Community\VC\Tools\MSVC\14.44.35207\include\sal.h
РџСЂРёРјРµС‡Р°РЅРёРµ: РІРєР»СЋС‡РµРЅРёРµ С„Р°Р№Р»Р°:      C:\Program Files\Microsoft Visual Studio\2022\Community\VC\Tools\MSVC\14.44.35207\include\concurrencysal.h
РџСЂРёРјРµС‡Р°РЅРёРµ: РІРєР»СЋС‡РµРЅРёРµ С„Р°Р№Р»Р°:     C:\Program Files\Microsoft Visual Studio\2022\Community\VC\Tools\MSVC\14.44.35207\include\vadefs.h
РџСЂРёРјРµС‡Р°РЅРёРµ: РІРєР»СЋС‡РµРЅРёРµ С„Р°Р№Р»Р°:   C:\Program Files (x86)\Windows Kits\10\include\10.0.26100.0\ucrt\corecrt_memory.h
РџСЂРёРјРµС‡Р°РЅРёРµ: РІРєР»СЋС‡РµРЅРёРµ С„Р°Р№Р»Р°:    C:\Program Files (x86)\Windows Kits\10\include\10.0.26100.0\ucrt\corecrt_memcpy_s.h
РџСЂРёРјРµС‡Р°РЅРёРµ: РІРєР»СЋС‡РµРЅРёРµ С„Р°Р№Р»Р°:     C:\Program Files (x86)\Windows Kits\10\include\10.0.26100.0\ucrt\errno.h
РџСЂРёРјРµС‡Р°РЅРёРµ: РІРєР»СЋС‡РµРЅРёРµ С„Р°Р№Р»Р°:     C:\Program Files\Microsoft Visual Studio\2022\Community\VC\Tools\MSVC\14.44.35207\include\vcruntime_string.h
РџСЂРёРјРµС‡Р°РЅРёРµ: РІРєР»СЋС‡РµРЅРёРµ С„Р°Р№Р»Р°:   C:\Program Files (x86)\Windows Kits\10\include\10.0.26100.0\ucrt\corecrt_wstring.h
РџСЂРёРјРµС‡Р°РЅРёРµ: РІРєР»СЋС‡РµРЅРёРµ С„Р°Р№Р»Р°:  C:\Program Files\Microsoft Visual Studio\2022\Community\VC\Tools\MSVC\14.44.35207\include\limits.h
C:\Users\bugr2\source\repos\Diplom-CPP\vcpkg_installed\vcpkg\blds\pkgconf\x64-windows-rel\meson-private\tmpcwib5fl7\testfile.c(9): error C2065: strndup: РЅРµРѕР±СЉСЏРІР»РµРЅРЅС‹Р№ РёРґРµРЅС‚РёС„РёРєР°С‚РѕСЂ

Compiler stderr:
 cl: РєРѕРјР°РЅРґРЅР°СЏ СЃС‚СЂРѕРєР° warning D9025: РїРµСЂРµРѕРїСЂРµРґРµР»РµРЅРёРµ "/O2" РЅР° "/Od"
cl: РєРѕРјР°РЅРґРЅР°СЏ СЃС‚СЂРѕРєР° warning D9025: РїРµСЂРµРѕРїСЂРµРґРµР»РµРЅРёРµ "/Oi" РЅР° "/Oi-"

Checking for function "strndup" : NO 
Configuring config.h using configuration
Build targets in project: 2
NOTICE: Future-deprecated features used:
 * 0.56.0: {'meson.source_root', 'meson.build_root'}

pkgconf 1.8.0

  User defined options
    Native files     : C:/Users/bugr2/source/repos/Diplom-CPP/vcpkg_installed/vcpkg/blds/pkgconf/meson-x64-windows-rel.log
    backend          : ninja
    buildtype        : plain
    cmake_prefix_path: ['C:/Users/bugr2/source/repos/Diplom-CPP/vcpkg_installed/x64-windows','C:/Users/bugr2/source/repos/Diplom-CPP/vcpkg_installed/x64-windows/debug','C:/Users/bugr2/source/repos/Diplom-CPP/vcpkg_installed/x64-windows/share']
    debug            : false
    libdir           : lib
    prefix           : C:/Users/bugr2/source/repos/Diplom-CPP/vcpkg_installed/vcpkg/pkgs/pkgconf_x64-windows
    wrap_mode        : nodownload
    tests            : false

Found ninja-1.12.1 at "C:/Program Files/Microsoft Visual Studio/2022/Community/Common7/IDE/CommonExtensions/Microsoft/CMake/Ninja\ninja.EXE"
Failed to guess install tag for C:\Users\bugr2\source\repos\Diplom-CPP\vcpkg_installed\vcpkg\pkgs\pkgconf_x64-windows\share\aclocal\pkg.m4
Failed to guess install tag for C:\Users\bugr2\source\repos\Diplom-CPP\vcpkg_installed\vcpkg\pkgs\pkgconf_x64-windows\share\doc\pkgconf\AUTHORS
Failed to guess install tag for C:\Users\bugr2\source\repos\Diplom-CPP\vcpkg_installed\vcpkg\pkgs\pkgconf_x64-windows\share\doc\pkgconf\README.md
